2019-08-11 00:01:31.034  INFO 1096 --- [main] com.gk.screenshot.ScreenshotApplication  : Starting ScreenshotApplication on W1239721HJ1JX with PID 1096 (C:\Projects\screen\screenshot\target\classes started by Gaurav_Singh3 in C:\Projects\screen\screenshot)
2019-08-11 00:01:31.043  INFO 1096 --- [main] com.gk.screenshot.ScreenshotApplication  : No active profile set, falling back to default profiles: default
2019-08-11 00:01:31.948  INFO 1096 --- [main] .s.d.r.c.RepositoryConfigurationDelegate : Bootstrapping Spring Data repositories in DEFAULT mode.
2019-08-11 00:01:32.010  INFO 1096 --- [main] .s.d.r.c.RepositoryConfigurationDelegate : Finished Spring Data repository scanning in 53ms. Found 1 repository interfaces.
2019-08-11 00:01:32.353  INFO 1096 --- [main] trationDelegate$BeanPostProcessorChecker : Bean 'org.springframework.transaction.annotation.ProxyTransactionManagementConfiguration' of type [org.springframework.transaction.annotation.ProxyTransactionManagementConfiguration$$EnhancerBySpringCGLIB$$ccec808e] is not eligible for getting processed by all BeanPostProcessors (for example: not eligible for auto-proxying)
2019-08-11 00:01:32.372  INFO 1096 --- [main] trationDelegate$BeanPostProcessorChecker : Bean 'org.springframework.hateoas.config.HateoasConfiguration' of type [org.springframework.hateoas.config.HateoasConfiguration$$EnhancerBySpringCGLIB$$4c6ccdc0] is not eligible for getting processed by all BeanPostProcessors (for example: not eligible for auto-proxying)
2019-08-11 00:01:32.827  INFO 1096 --- [main] o.s.b.w.embedded.tomcat.TomcatWebServer  : Tomcat initialized with port(s): 8088 (http)
2019-08-11 00:01:32.847  INFO 1096 --- [main] o.apache.catalina.core.StandardService   : Starting service [Tomcat]
2019-08-11 00:01:32.848  INFO 1096 --- [main] org.apache.catalina.core.StandardEngine  : Starting Servlet engine: [Apache Tomcat/9.0.22]
2019-08-11 00:01:33.219  INFO 1096 --- [main] o.a.c.c.C.[Tomcat].[localhost].[/]       : Initializing Spring embedded WebApplicationContext
2019-08-11 00:01:33.219 DEBUG 1096 --- [main] o.s.web.context.ContextLoader            : Published root WebApplicationContext as ServletContext attribute with name [org.springframework.web.context.WebApplicationContext.ROOT]
2019-08-11 00:01:33.219  INFO 1096 --- [main] o.s.web.context.ContextLoader            : Root WebApplicationContext: initialization completed in 2125 ms
2019-08-11 00:01:33.380 DEBUG 1096 --- [main] o.springframework.web.filter.CorsFilter  : Filter 'corsFilter' configured for use
2019-08-11 00:01:33.381 DEBUG 1096 --- [main] o.s.w.f.CommonsRequestLoggingFilter      : Filter 'logFilter' configured for use
2019-08-11 00:01:33.571  INFO 1096 --- [main] com.zaxxer.hikari.HikariDataSource       : HikariPool-1 - Starting...
2019-08-11 00:01:34.036  INFO 1096 --- [main] com.zaxxer.hikari.HikariDataSource       : HikariPool-1 - Start completed.
2019-08-11 00:01:35.104  INFO 1096 --- [main] j.LocalContainerEntityManagerFactoryBean : Initialized JPA EntityManagerFactory for persistence unit 'default'
2019-08-11 00:01:36.035 DEBUG 1096 --- [main] o.s.w.s.handler.SimpleUrlHandlerMapping  : Patterns [/**/favicon.ico] in 'faviconHandlerMapping'
2019-08-11 00:01:36.168  INFO 1096 --- [main] o.s.s.concurrent.ThreadPoolTaskExecutor  : Initializing ExecutorService 'applicationTaskExecutor'
2019-08-11 00:01:36.189 DEBUG 1096 --- [main] s.w.s.m.m.a.RequestMappingHandlerAdapter : ControllerAdvice beans: 0 @ModelAttribute, 0 @InitBinder, 1 RequestBodyAdvice, 1 ResponseBodyAdvice
2019-08-11 00:01:36.227  WARN 1096 --- [main] aWebConfiguration$JpaWebMvcConfiguration : spring.jpa.open-in-view is enabled by default. Therefore, database queries may be performed during view rendering. Explicitly configure spring.jpa.open-in-view to disable this warning
2019-08-11 00:01:36.266 DEBUG 1096 --- [main] s.w.s.m.m.a.RequestMappingHandlerMapping : 4 mappings in 'requestMappingHandlerMapping'
2019-08-11 00:01:36.304 DEBUG 1096 --- [main] o.s.w.s.handler.SimpleUrlHandlerMapping  : Patterns [/webjars/**, /**] in 'resourceHandlerMapping'
2019-08-11 00:01:36.317 DEBUG 1096 --- [main] .m.m.a.ExceptionHandlerExceptionResolver : ControllerAdvice beans: 1 @ExceptionHandler, 1 ResponseBodyAdvice
2019-08-11 00:01:36.689  INFO 1096 --- [main] o.s.b.w.embedded.tomcat.TomcatWebServer  : Tomcat started on port(s): 8088 (http) with context path ''
2019-08-11 00:01:36.695  INFO 1096 --- [main] com.gk.screenshot.ScreenshotApplication  : Started ScreenshotApplication in 6.006 seconds (JVM running for 7.005)
2019-08-11 00:01:51.325  INFO 1096 --- [http-nio-8088-exec-2] o.a.c.c.C.[Tomcat].[localhost].[/]       : Initializing Spring DispatcherServlet 'dispatcherServlet'
2019-08-11 00:01:51.325  INFO 1096 --- [http-nio-8088-exec-2] o.s.web.servlet.DispatcherServlet        : Initializing Servlet 'dispatcherServlet'
2019-08-11 00:01:51.326 DEBUG 1096 --- [http-nio-8088-exec-2] o.s.web.servlet.DispatcherServlet        : Detected StandardServletMultipartResolver
2019-08-11 00:01:51.368 DEBUG 1096 --- [http-nio-8088-exec-2] o.s.web.servlet.DispatcherServlet        : enableLoggingRequestDetails='false': request parameters and headers will be masked to prevent unsafe logging of potentially sensitive data
2019-08-11 00:01:51.368  INFO 1096 --- [http-nio-8088-exec-2] o.s.web.servlet.DispatcherServlet        : Completed initialization in 42 ms
2019-08-11 00:01:51.384 DEBUG 1096 --- [http-nio-8088-exec-2] o.s.w.f.CommonsRequestLoggingFilter      : Before request [uri=/api/screens/snaps]
2019-08-11 00:01:51.387 DEBUG 1096 --- [http-nio-8088-exec-2] o.s.web.servlet.DispatcherServlet        : POST "/api/screens/snaps", parameters={}
2019-08-11 00:01:51.391 DEBUG 1096 --- [http-nio-8088-exec-2] s.w.s.m.m.a.RequestMappingHandlerMapping : Mapped to public org.springframework.http.ResponseEntity<java.lang.Integer> com.gk.screenshot.controller.ScreenController.create(java.lang.String,com.gk.screenshot.model.GenerateScreenShotRequest) throws java.net.URISyntaxException,java.lang.InterruptedException,java.io.IOException
2019-08-11 00:01:51.515 DEBUG 1096 --- [http-nio-8088-exec-2] m.m.a.RequestResponseBodyMethodProcessor : Read "application/json;charset=UTF-8" to [com.gk.screenshot.model.GenerateScreenShotRequest@3933afc1]
2019-08-11 00:01:51.667 DEBUG 1096 --- [http-nio-8088-exec-2] o.s.w.s.m.m.a.HttpEntityMethodProcessor  : Using 'application/json', given [*/*] and supported [application/json, application/*+json, application/json, application/*+json]
2019-08-11 00:01:51.667 DEBUG 1096 --- [http-nio-8088-exec-2] o.s.w.s.m.m.a.HttpEntityMethodProcessor  : Nothing to write: null body
2019-08-11 00:01:51.670 DEBUG 1096 --- [http-nio-8088-exec-2] o.s.web.servlet.DispatcherServlet        : Completed 202 ACCEPTED
2019-08-11 00:01:51.671 DEBUG 1096 --- [http-nio-8088-exec-2] o.s.w.f.CommonsRequestLoggingFilter      : REQUEST DATA : uri=/api/screens/snaps;payload={
	"urls":["https://sites.google.com/a/chromium.org/chromedriver/downloads"]
}]
2019-08-11 00:02:00.540 DEBUG 1096 --- [http-nio-8088-exec-3] o.s.w.f.CommonsRequestLoggingFilter      : Before request [uri=/api/screens/snaps]
2019-08-11 00:02:00.540 DEBUG 1096 --- [http-nio-8088-exec-3] o.s.web.servlet.DispatcherServlet        : POST "/api/screens/snaps", parameters={}
2019-08-11 00:02:00.541 DEBUG 1096 --- [http-nio-8088-exec-3] s.w.s.m.m.a.RequestMappingHandlerMapping : Mapped to public org.springframework.http.ResponseEntity<java.lang.Integer> com.gk.screenshot.controller.ScreenController.create(java.lang.String,com.gk.screenshot.model.GenerateScreenShotRequest) throws java.net.URISyntaxException,java.lang.InterruptedException,java.io.IOException
2019-08-11 00:02:00.542 DEBUG 1096 --- [http-nio-8088-exec-3] m.m.a.RequestResponseBodyMethodProcessor : Read "application/json;charset=UTF-8" to [com.gk.screenshot.model.GenerateScreenShotRequest@28f4dfd9]
2019-08-11 00:02:00.562 DEBUG 1096 --- [http-nio-8088-exec-3] o.s.w.s.m.m.a.HttpEntityMethodProcessor  : Using 'application/json', given [*/*] and supported [application/json, application/*+json, application/json, application/*+json]
2019-08-11 00:02:00.563 DEBUG 1096 --- [http-nio-8088-exec-3] o.s.w.s.m.m.a.HttpEntityMethodProcessor  : Nothing to write: null body
2019-08-11 00:02:00.565 DEBUG 1096 --- [http-nio-8088-exec-3] o.s.web.servlet.DispatcherServlet        : Completed 202 ACCEPTED
2019-08-11 00:02:00.565 DEBUG 1096 --- [http-nio-8088-exec-3] o.s.w.f.CommonsRequestLoggingFilter      : REQUEST DATA : uri=/api/screens/snaps;payload={
	"urls":["https://sites.google.com/a/chromium.org/chromedriver/downloads"]
}]
2019-08-11 00:03:41.795  INFO 14092 --- [main] com.gk.screenshot.ScreenshotApplication  : Starting ScreenshotApplication on W1239721HJ1JX with PID 14092 (C:\Projects\screen\screenshot\target\classes started by Gaurav_Singh3 in C:\Projects\screen\screenshot)
2019-08-11 00:03:41.798  INFO 14092 --- [main] com.gk.screenshot.ScreenshotApplication  : No active profile set, falling back to default profiles: default
2019-08-11 00:03:42.561  INFO 14092 --- [main] .s.d.r.c.RepositoryConfigurationDelegate : Bootstrapping Spring Data repositories in DEFAULT mode.
2019-08-11 00:03:42.618  INFO 14092 --- [main] .s.d.r.c.RepositoryConfigurationDelegate : Finished Spring Data repository scanning in 49ms. Found 1 repository interfaces.
2019-08-11 00:03:42.979  INFO 14092 --- [main] trationDelegate$BeanPostProcessorChecker : Bean 'org.springframework.transaction.annotation.ProxyTransactionManagementConfiguration' of type [org.springframework.transaction.annotation.ProxyTransactionManagementConfiguration$$EnhancerBySpringCGLIB$$6d856997] is not eligible for getting processed by all BeanPostProcessors (for example: not eligible for auto-proxying)
2019-08-11 00:03:43.001  INFO 14092 --- [main] trationDelegate$BeanPostProcessorChecker : Bean 'org.springframework.hateoas.config.HateoasConfiguration' of type [org.springframework.hateoas.config.HateoasConfiguration$$EnhancerBySpringCGLIB$$ed05b6c9] is not eligible for getting processed by all BeanPostProcessors (for example: not eligible for auto-proxying)
2019-08-11 00:03:43.486  INFO 14092 --- [main] o.s.b.w.embedded.tomcat.TomcatWebServer  : Tomcat initialized with port(s): 8088 (http)
2019-08-11 00:03:43.508  INFO 14092 --- [main] o.apache.catalina.core.StandardService   : Starting service [Tomcat]
2019-08-11 00:03:43.508  INFO 14092 --- [main] org.apache.catalina.core.StandardEngine  : Starting Servlet engine: [Apache Tomcat/9.0.22]
2019-08-11 00:03:43.662  INFO 14092 --- [main] o.a.c.c.C.[Tomcat].[localhost].[/]       : Initializing Spring embedded WebApplicationContext
2019-08-11 00:03:43.662 DEBUG 14092 --- [main] o.s.web.context.ContextLoader            : Published root WebApplicationContext as ServletContext attribute with name [org.springframework.web.context.WebApplicationContext.ROOT]
2019-08-11 00:03:43.662  INFO 14092 --- [main] o.s.web.context.ContextLoader            : Root WebApplicationContext: initialization completed in 1825 ms
2019-08-11 00:03:43.814 DEBUG 14092 --- [main] o.springframework.web.filter.CorsFilter  : Filter 'corsFilter' configured for use
2019-08-11 00:03:43.814 DEBUG 14092 --- [main] o.s.w.f.CommonsRequestLoggingFilter      : Filter 'logFilter' configured for use
2019-08-11 00:03:44.000  INFO 14092 --- [main] com.zaxxer.hikari.HikariDataSource       : HikariPool-1 - Starting...
2019-08-11 00:03:44.460  INFO 14092 --- [main] com.zaxxer.hikari.HikariDataSource       : HikariPool-1 - Start completed.
2019-08-11 00:03:45.563  INFO 14092 --- [main] j.LocalContainerEntityManagerFactoryBean : Initialized JPA EntityManagerFactory for persistence unit 'default'
2019-08-11 00:03:46.582 DEBUG 14092 --- [main] o.s.w.s.handler.SimpleUrlHandlerMapping  : Patterns [/**/favicon.ico] in 'faviconHandlerMapping'
2019-08-11 00:03:46.710  INFO 14092 --- [main] o.s.s.concurrent.ThreadPoolTaskExecutor  : Initializing ExecutorService 'applicationTaskExecutor'
2019-08-11 00:03:46.730 DEBUG 14092 --- [main] s.w.s.m.m.a.RequestMappingHandlerAdapter : ControllerAdvice beans: 0 @ModelAttribute, 0 @InitBinder, 1 RequestBodyAdvice, 1 ResponseBodyAdvice
2019-08-11 00:03:46.767  WARN 14092 --- [main] aWebConfiguration$JpaWebMvcConfiguration : spring.jpa.open-in-view is enabled by default. Therefore, database queries may be performed during view rendering. Explicitly configure spring.jpa.open-in-view to disable this warning
2019-08-11 00:03:46.801 DEBUG 14092 --- [main] s.w.s.m.m.a.RequestMappingHandlerMapping : 4 mappings in 'requestMappingHandlerMapping'
2019-08-11 00:03:46.831 DEBUG 14092 --- [main] o.s.w.s.handler.SimpleUrlHandlerMapping  : Patterns [/webjars/**, /**] in 'resourceHandlerMapping'
2019-08-11 00:03:46.844 DEBUG 14092 --- [main] .m.m.a.ExceptionHandlerExceptionResolver : ControllerAdvice beans: 1 @ExceptionHandler, 1 ResponseBodyAdvice
2019-08-11 00:03:47.205  INFO 14092 --- [main] o.s.b.w.embedded.tomcat.TomcatWebServer  : Tomcat started on port(s): 8088 (http) with context path ''
2019-08-11 00:03:47.211  INFO 14092 --- [main] com.gk.screenshot.ScreenshotApplication  : Started ScreenshotApplication in 5.756 seconds (JVM running for 6.758)
2019-08-11 00:03:53.202  INFO 14092 --- [http-nio-8088-exec-2] o.a.c.c.C.[Tomcat].[localhost].[/]       : Initializing Spring DispatcherServlet 'dispatcherServlet'
2019-08-11 00:03:53.203  INFO 14092 --- [http-nio-8088-exec-2] o.s.web.servlet.DispatcherServlet        : Initializing Servlet 'dispatcherServlet'
2019-08-11 00:03:53.203 DEBUG 14092 --- [http-nio-8088-exec-2] o.s.web.servlet.DispatcherServlet        : Detected StandardServletMultipartResolver
2019-08-11 00:03:53.265 DEBUG 14092 --- [http-nio-8088-exec-2] o.s.web.servlet.DispatcherServlet        : enableLoggingRequestDetails='false': request parameters and headers will be masked to prevent unsafe logging of potentially sensitive data
2019-08-11 00:03:53.266  INFO 14092 --- [http-nio-8088-exec-2] o.s.web.servlet.DispatcherServlet        : Completed initialization in 63 ms
2019-08-11 00:03:53.288 DEBUG 14092 --- [http-nio-8088-exec-2] o.s.w.f.CommonsRequestLoggingFilter      : Before request [uri=/api/screens/snaps]
2019-08-11 00:03:53.291 DEBUG 14092 --- [http-nio-8088-exec-2] o.s.web.servlet.DispatcherServlet        : POST "/api/screens/snaps", parameters={}
2019-08-11 00:03:53.302 DEBUG 14092 --- [http-nio-8088-exec-2] s.w.s.m.m.a.RequestMappingHandlerMapping : Mapped to public org.springframework.http.ResponseEntity<java.lang.Integer> com.gk.screenshot.controller.ScreenController.create(java.lang.String,com.gk.screenshot.model.GenerateScreenShotRequest) throws java.net.URISyntaxException,java.lang.InterruptedException,java.io.IOException
2019-08-11 00:03:53.394 DEBUG 14092 --- [http-nio-8088-exec-2] m.m.a.RequestResponseBodyMethodProcessor : Read "application/json;charset=UTF-8" to [com.gk.screenshot.model.GenerateScreenShotRequest@3e22bcc3]
2019-08-11 00:03:53.503 DEBUG 14092 --- [http-nio-8088-exec-2] o.s.w.s.m.m.a.HttpEntityMethodProcessor  : Using 'application/json', given [*/*] and supported [application/json, application/*+json, application/json, application/*+json]
2019-08-11 00:03:53.504 DEBUG 14092 --- [http-nio-8088-exec-2] o.s.w.s.m.m.a.HttpEntityMethodProcessor  : Nothing to write: null body
2019-08-11 00:03:53.508 DEBUG 14092 --- [http-nio-8088-exec-2] o.s.web.servlet.DispatcherServlet        : Completed 202 ACCEPTED
2019-08-11 00:03:53.509 DEBUG 14092 --- [http-nio-8088-exec-2] o.s.w.f.CommonsRequestLoggingFilter      : REQUEST DATA : uri=/api/screens/snaps;payload={
	"urls":["https://sites.google.com/a/chromium.org/chromedriver/downloads"]
}]
2019-08-11 00:03:55.870 DEBUG 14092 --- [http-nio-8088-exec-3] o.s.w.f.CommonsRequestLoggingFilter      : Before request [uri=/api/screens/snaps]
2019-08-11 00:03:55.871 DEBUG 14092 --- [http-nio-8088-exec-3] o.s.web.servlet.DispatcherServlet        : POST "/api/screens/snaps", parameters={}
2019-08-11 00:03:55.871 DEBUG 14092 --- [http-nio-8088-exec-3] s.w.s.m.m.a.RequestMappingHandlerMapping : Mapped to public org.springframework.http.ResponseEntity<java.lang.Integer> com.gk.screenshot.controller.ScreenController.create(java.lang.String,com.gk.screenshot.model.GenerateScreenShotRequest) throws java.net.URISyntaxException,java.lang.InterruptedException,java.io.IOException
2019-08-11 00:03:55.872 DEBUG 14092 --- [http-nio-8088-exec-3] m.m.a.RequestResponseBodyMethodProcessor : Read "application/json;charset=UTF-8" to [com.gk.screenshot.model.GenerateScreenShotRequest@71666b99]
2019-08-11 00:03:55.885 DEBUG 14092 --- [http-nio-8088-exec-3] o.s.w.s.m.m.a.HttpEntityMethodProcessor  : Using 'application/json', given [*/*] and supported [application/json, application/*+json, application/json, application/*+json]
2019-08-11 00:03:55.886 DEBUG 14092 --- [http-nio-8088-exec-3] o.s.w.s.m.m.a.HttpEntityMethodProcessor  : Nothing to write: null body
2019-08-11 00:03:55.886 DEBUG 14092 --- [http-nio-8088-exec-3] o.s.web.servlet.DispatcherServlet        : Completed 202 ACCEPTED
2019-08-11 00:03:55.886 DEBUG 14092 --- [http-nio-8088-exec-3] o.s.w.f.CommonsRequestLoggingFilter      : REQUEST DATA : uri=/api/screens/snaps;payload={
	"urls":["https://sites.google.com/a/chromium.org/chromedriver/downloads"]
}]
2019-08-11 00:03:57.477 DEBUG 14092 --- [http-nio-8088-exec-4] o.s.w.f.CommonsRequestLoggingFilter      : Before request [uri=/api/screens/snaps]
2019-08-11 00:03:57.477 DEBUG 14092 --- [http-nio-8088-exec-4] o.s.web.servlet.DispatcherServlet        : POST "/api/screens/snaps", parameters={}
2019-08-11 00:03:57.477 DEBUG 14092 --- [http-nio-8088-exec-4] s.w.s.m.m.a.RequestMappingHandlerMapping : Mapped to public org.springframework.http.ResponseEntity<java.lang.Integer> com.gk.screenshot.controller.ScreenController.create(java.lang.String,com.gk.screenshot.model.GenerateScreenShotRequest) throws java.net.URISyntaxException,java.lang.InterruptedException,java.io.IOException
2019-08-11 00:03:57.478 DEBUG 14092 --- [http-nio-8088-exec-4] m.m.a.RequestResponseBodyMethodProcessor : Read "application/json;charset=UTF-8" to [com.gk.screenshot.model.GenerateScreenShotRequest@5eb574c2]
2019-08-11 00:03:57.491 DEBUG 14092 --- [http-nio-8088-exec-4] o.s.w.s.m.m.a.HttpEntityMethodProcessor  : Using 'application/json', given [*/*] and supported [application/json, application/*+json, application/json, application/*+json]
2019-08-11 00:03:57.492 DEBUG 14092 --- [http-nio-8088-exec-4] o.s.w.s.m.m.a.HttpEntityMethodProcessor  : Nothing to write: null body
2019-08-11 00:03:57.492 DEBUG 14092 --- [http-nio-8088-exec-4] o.s.web.servlet.DispatcherServlet        : Completed 202 ACCEPTED
2019-08-11 00:03:57.492 DEBUG 14092 --- [http-nio-8088-exec-4] o.s.w.f.CommonsRequestLoggingFilter      : REQUEST DATA : uri=/api/screens/snaps;payload={
	"urls":["https://sites.google.com/a/chromium.org/chromedriver/downloads"]
}]
2019-08-11 00:04:39.493  INFO 10152 --- [main] com.gk.screenshot.ScreenshotApplication  : Starting ScreenshotApplication on W1239721HJ1JX with PID 10152 (C:\Projects\screen\screenshot\target\classes started by Gaurav_Singh3 in C:\Projects\screen\screenshot)
2019-08-11 00:04:39.496  INFO 10152 --- [main] com.gk.screenshot.ScreenshotApplication  : No active profile set, falling back to default profiles: default
2019-08-11 00:04:40.263  INFO 10152 --- [main] .s.d.r.c.RepositoryConfigurationDelegate : Bootstrapping Spring Data repositories in DEFAULT mode.
2019-08-11 00:04:40.322  INFO 10152 --- [main] .s.d.r.c.RepositoryConfigurationDelegate : Finished Spring Data repository scanning in 51ms. Found 1 repository interfaces.
2019-08-11 00:04:40.696  INFO 10152 --- [main] trationDelegate$BeanPostProcessorChecker : Bean 'org.springframework.transaction.annotation.ProxyTransactionManagementConfiguration' of type [org.springframework.transaction.annotation.ProxyTransactionManagementConfiguration$$EnhancerBySpringCGLIB$$abe4422b] is not eligible for getting processed by all BeanPostProcessors (for example: not eligible for auto-proxying)
2019-08-11 00:04:40.720  INFO 10152 --- [main] trationDelegate$BeanPostProcessorChecker : Bean 'org.springframework.hateoas.config.HateoasConfiguration' of type [org.springframework.hateoas.config.HateoasConfiguration$$EnhancerBySpringCGLIB$$2b648f5d] is not eligible for getting processed by all BeanPostProcessors (for example: not eligible for auto-proxying)
2019-08-11 00:04:41.222  INFO 10152 --- [main] o.s.b.w.embedded.tomcat.TomcatWebServer  : Tomcat initialized with port(s): 8088 (http)
2019-08-11 00:04:41.244  INFO 10152 --- [main] o.apache.catalina.core.StandardService   : Starting service [Tomcat]
2019-08-11 00:04:41.245  INFO 10152 --- [main] org.apache.catalina.core.StandardEngine  : Starting Servlet engine: [Apache Tomcat/9.0.22]
2019-08-11 00:04:41.391  INFO 10152 --- [main] o.a.c.c.C.[Tomcat].[localhost].[/]       : Initializing Spring embedded WebApplicationContext
2019-08-11 00:04:41.391 DEBUG 10152 --- [main] o.s.web.context.ContextLoader            : Published root WebApplicationContext as ServletContext attribute with name [org.springframework.web.context.WebApplicationContext.ROOT]
2019-08-11 00:04:41.391  INFO 10152 --- [main] o.s.web.context.ContextLoader            : Root WebApplicationContext: initialization completed in 1857 ms
2019-08-11 00:04:41.542 DEBUG 10152 --- [main] o.springframework.web.filter.CorsFilter  : Filter 'corsFilter' configured for use
2019-08-11 00:04:41.543 DEBUG 10152 --- [main] o.s.w.f.CommonsRequestLoggingFilter      : Filter 'logFilter' configured for use
2019-08-11 00:04:41.739  INFO 10152 --- [main] com.zaxxer.hikari.HikariDataSource       : HikariPool-1 - Starting...
2019-08-11 00:04:42.207  INFO 10152 --- [main] com.zaxxer.hikari.HikariDataSource       : HikariPool-1 - Start completed.
2019-08-11 00:04:43.297  INFO 10152 --- [main] j.LocalContainerEntityManagerFactoryBean : Initialized JPA EntityManagerFactory for persistence unit 'default'
2019-08-11 00:04:44.304 DEBUG 10152 --- [main] o.s.w.s.handler.SimpleUrlHandlerMapping  : Patterns [/**/favicon.ico] in 'faviconHandlerMapping'
2019-08-11 00:04:44.469  INFO 10152 --- [main] o.s.s.concurrent.ThreadPoolTaskExecutor  : Initializing ExecutorService 'applicationTaskExecutor'
2019-08-11 00:04:44.491 DEBUG 10152 --- [main] s.w.s.m.m.a.RequestMappingHandlerAdapter : ControllerAdvice beans: 0 @ModelAttribute, 0 @InitBinder, 1 RequestBodyAdvice, 1 ResponseBodyAdvice
2019-08-11 00:04:44.532  WARN 10152 --- [main] aWebConfiguration$JpaWebMvcConfiguration : spring.jpa.open-in-view is enabled by default. Therefore, database queries may be performed during view rendering. Explicitly configure spring.jpa.open-in-view to disable this warning
2019-08-11 00:04:44.572 DEBUG 10152 --- [main] s.w.s.m.m.a.RequestMappingHandlerMapping : 4 mappings in 'requestMappingHandlerMapping'
2019-08-11 00:04:44.612 DEBUG 10152 --- [main] o.s.w.s.handler.SimpleUrlHandlerMapping  : Patterns [/webjars/**, /**] in 'resourceHandlerMapping'
2019-08-11 00:04:44.625 DEBUG 10152 --- [main] .m.m.a.ExceptionHandlerExceptionResolver : ControllerAdvice beans: 1 @ExceptionHandler, 1 ResponseBodyAdvice
2019-08-11 00:04:44.969  INFO 10152 --- [main] o.s.b.w.embedded.tomcat.TomcatWebServer  : Tomcat started on port(s): 8088 (http) with context path ''
2019-08-11 00:04:44.971  INFO 10152 --- [main] com.gk.screenshot.ScreenshotApplication  : Started ScreenshotApplication in 5.829 seconds (JVM running for 6.876)
2019-08-11 00:04:51.199  INFO 10152 --- [http-nio-8088-exec-2] o.a.c.c.C.[Tomcat].[localhost].[/]       : Initializing Spring DispatcherServlet 'dispatcherServlet'
2019-08-11 00:04:51.200  INFO 10152 --- [http-nio-8088-exec-2] o.s.web.servlet.DispatcherServlet        : Initializing Servlet 'dispatcherServlet'
2019-08-11 00:04:51.200 DEBUG 10152 --- [http-nio-8088-exec-2] o.s.web.servlet.DispatcherServlet        : Detected StandardServletMultipartResolver
2019-08-11 00:04:51.245 DEBUG 10152 --- [http-nio-8088-exec-2] o.s.web.servlet.DispatcherServlet        : enableLoggingRequestDetails='false': request parameters and headers will be masked to prevent unsafe logging of potentially sensitive data
2019-08-11 00:04:51.245  INFO 10152 --- [http-nio-8088-exec-2] o.s.web.servlet.DispatcherServlet        : Completed initialization in 45 ms
2019-08-11 00:04:51.265 DEBUG 10152 --- [http-nio-8088-exec-2] o.s.w.f.CommonsRequestLoggingFilter      : Before request [uri=/api/screens/snaps]
2019-08-11 00:04:51.268 DEBUG 10152 --- [http-nio-8088-exec-2] o.s.web.servlet.DispatcherServlet        : POST "/api/screens/snaps", parameters={}
2019-08-11 00:04:51.275 DEBUG 10152 --- [http-nio-8088-exec-2] s.w.s.m.m.a.RequestMappingHandlerMapping : Mapped to public org.springframework.http.ResponseEntity<java.lang.Integer> com.gk.screenshot.controller.ScreenController.create(java.lang.String,com.gk.screenshot.model.GenerateScreenShotRequest) throws java.net.URISyntaxException,java.lang.InterruptedException,java.io.IOException
2019-08-11 00:04:51.387 DEBUG 10152 --- [http-nio-8088-exec-2] m.m.a.RequestResponseBodyMethodProcessor : Read "application/json;charset=UTF-8" to [com.gk.screenshot.model.GenerateScreenShotRequest@8e3cb5f]
2019-08-11 00:04:51.510 DEBUG 10152 --- [http-nio-8088-exec-2] o.s.w.s.m.m.a.HttpEntityMethodProcessor  : Using 'application/json', given [*/*] and supported [application/json, application/*+json, application/json, application/*+json]
2019-08-11 00:04:51.511 DEBUG 10152 --- [http-nio-8088-exec-2] o.s.w.s.m.m.a.HttpEntityMethodProcessor  : Nothing to write: null body
2019-08-11 00:04:51.513 DEBUG 10152 --- [http-nio-8088-exec-2] o.s.web.servlet.DispatcherServlet        : Completed 202 ACCEPTED
2019-08-11 00:04:51.514 DEBUG 10152 --- [http-nio-8088-exec-2] o.s.w.f.CommonsRequestLoggingFilter      : REQUEST DATA : uri=/api/screens/snaps;payload={
	"urls":["https://sites.google.com/a/chromium.org/chromedriver/downloads"]
}]
2019-08-11 00:04:53.432 DEBUG 10152 --- [http-nio-8088-exec-3] o.s.w.f.CommonsRequestLoggingFilter      : Before request [uri=/api/screens/snaps]
2019-08-11 00:04:53.433 DEBUG 10152 --- [http-nio-8088-exec-3] o.s.web.servlet.DispatcherServlet        : POST "/api/screens/snaps", parameters={}
2019-08-11 00:04:53.433 DEBUG 10152 --- [http-nio-8088-exec-3] s.w.s.m.m.a.RequestMappingHandlerMapping : Mapped to public org.springframework.http.ResponseEntity<java.lang.Integer> com.gk.screenshot.controller.ScreenController.create(java.lang.String,com.gk.screenshot.model.GenerateScreenShotRequest) throws java.net.URISyntaxException,java.lang.InterruptedException,java.io.IOException
2019-08-11 00:04:53.435 DEBUG 10152 --- [http-nio-8088-exec-3] m.m.a.RequestResponseBodyMethodProcessor : Read "application/json;charset=UTF-8" to [com.gk.screenshot.model.GenerateScreenShotRequest@471c58ae]
2019-08-11 00:04:53.447 DEBUG 10152 --- [http-nio-8088-exec-3] o.s.w.s.m.m.a.HttpEntityMethodProcessor  : Using 'application/json', given [*/*] and supported [application/json, application/*+json, application/json, application/*+json]
2019-08-11 00:04:53.448 DEBUG 10152 --- [http-nio-8088-exec-3] o.s.w.s.m.m.a.HttpEntityMethodProcessor  : Nothing to write: null body
2019-08-11 00:04:53.448 DEBUG 10152 --- [http-nio-8088-exec-3] o.s.web.servlet.DispatcherServlet        : Completed 202 ACCEPTED
2019-08-11 00:04:53.448 DEBUG 10152 --- [http-nio-8088-exec-3] o.s.w.f.CommonsRequestLoggingFilter      : REQUEST DATA : uri=/api/screens/snaps;payload={
	"urls":["https://sites.google.com/a/chromium.org/chromedriver/downloads"]
}]
